<?xml version="1.0" encoding="utf-8"?><testsuites name="pytest tests"><testsuite name="pytest" errors="0" failures="0" skipped="0" tests="9" time="76.048" timestamp="2025-08-25T10:21:17.744246+05:30" hostname="vineesh"><testcase classname="unit_test" name="test_get_categories" time="2.358" /><testcase classname="unit_test" name="test_get_sellers" time="2.097" /><testcase classname="unit_test" name="test_health_check" time="2.056" /><testcase classname="integration_test" name="test_product_matching_briyani" time="15.977" /><testcase classname="integration_test" name="test_product_matching_pasta" time="13.025" /><testcase classname="integration_test" name="test_redis_user_history" time="5.135" /><testcase classname="system_test" name="test_full_user_flow" time="30.994" /><testcase classname="regression_test" name="test_invalid_store_id" time="2.044" /><testcase classname="regression_test" name="test_missing_query" time="2.037" /></testsuite></testsuites>